{
  "RSpec": {
    "coverage": {
      "/Users/akshayiyer/Desktop/MS CS Columbia/Sem 1 - Fall 2023/COMS 4152-Esaas/Project/BoxMate/app/helpers/application_helper.rb": {
        "lines": [
          1,
          null
        ]
      },
      "/Users/akshayiyer/Desktop/MS CS Columbia/Sem 1 - Fall 2023/COMS 4152-Esaas/Project/BoxMate/app/controllers/chefinfos_controller.rb": {
        "lines": [
          1,
          1,
          null,
          1,
          1,
          1,
          1,
          null,
          null,
          null,
          1,
          1,
          null,
          null,
          1,
          null,
          3,
          3,
          1,
          2,
          1,
          1,
          null,
          1,
          1,
          1,
          1,
          5,
          null,
          null,
          3,
          null,
          null,
          1,
          1,
          1,
          null,
          null,
          1,
          1,
          1,
          1,
          1,
          1,
          2,
          null,
          null,
          null,
          1,
          1,
          1,
          1,
          1,
          1,
          null,
          null,
          1,
          10,
          null,
          10,
          2,
          null,
          null,
          null
        ]
      },
      "/Users/akshayiyer/Desktop/MS CS Columbia/Sem 1 - Fall 2023/COMS 4152-Esaas/Project/BoxMate/app/controllers/application_controller.rb": {
        "lines": [
          1,
          null,
          null,
          1,
          null
        ]
      },
      "/Users/akshayiyer/Desktop/MS CS Columbia/Sem 1 - Fall 2023/COMS 4152-Esaas/Project/BoxMate/app/controllers/commons_controller.rb": {
        "lines": [
          null,
          null,
          1,
          null,
          1,
          1,
          null,
          null,
          1,
          null,
          5,
          5,
          5,
          3,
          1,
          1,
          null,
          2,
          1,
          1,
          null,
          1,
          1,
          null,
          null,
          null,
          2,
          1,
          1,
          null,
          1,
          1,
          null,
          null,
          null,
          null,
          1,
          1,
          null,
          null,
          1,
          1,
          null,
          null,
          null,
          1,
          null,
          2,
          2,
          2,
          1,
          1,
          1,
          1,
          null,
          1,
          1,
          null,
          null,
          null,
          null,
          1,
          null,
          2,
          2,
          2,
          1,
          1,
          1,
          1,
          null,
          1,
          1,
          null,
          null,
          null,
          1,
          1,
          1,
          1,
          null,
          null,
          null,
          null
        ]
      },
      "/Users/akshayiyer/Desktop/MS CS Columbia/Sem 1 - Fall 2023/COMS 4152-Esaas/Project/BoxMate/app/controllers/customerinfos_controller.rb": {
        "lines": [
          1,
          1,
          null,
          1,
          2,
          2,
          2,
          null,
          null,
          null,
          1,
          2,
          2,
          2,
          1,
          null,
          2,
          2,
          null,
          2,
          2,
          2,
          2,
          2,
          2,
          2,
          2,
          null,
          null,
          null,
          1,
          null,
          1,
          1,
          1,
          1,
          1,
          1,
          1,
          1,
          1,
          1,
          null,
          null,
          1,
          2,
          2,
          2,
          null,
          null,
          1,
          1,
          1,
          1,
          1,
          1,
          1,
          1,
          null,
          null,
          1,
          9,
          null,
          9,
          1,
          null,
          null,
          null,
          null
        ]
      },
      "/Users/akshayiyer/Desktop/MS CS Columbia/Sem 1 - Fall 2023/COMS 4152-Esaas/Project/BoxMate/app/models/chefinfo.rb": {
        "lines": [
          1,
          1,
          null,
          1,
          3,
          3,
          3,
          null,
          null,
          null,
          null
        ]
      },
      "/Users/akshayiyer/Desktop/MS CS Columbia/Sem 1 - Fall 2023/COMS 4152-Esaas/Project/BoxMate/app/models/chefmeal.rb": {
        "lines": [
          1,
          null,
          1,
          1,
          null,
          1,
          1,
          1,
          1,
          1,
          1,
          null,
          null,
          null,
          1,
          1,
          1,
          1,
          2,
          null,
          1,
          null,
          null,
          1,
          2,
          null,
          null,
          null
        ]
      },
      "/Users/akshayiyer/Desktop/MS CS Columbia/Sem 1 - Fall 2023/COMS 4152-Esaas/Project/BoxMate/app/models/customerinfo.rb": {
        "lines": [
          1,
          null,
          1,
          null,
          1,
          7,
          7,
          7,
          7,
          7,
          7,
          7,
          1,
          null,
          1,
          1,
          1,
          1,
          1,
          null,
          null,
          7,
          null,
          null
        ]
      },
      "/Users/akshayiyer/Desktop/MS CS Columbia/Sem 1 - Fall 2023/COMS 4152-Esaas/Project/BoxMate/app/models/customermeal.rb": {
        "lines": [
          1,
          null,
          1,
          1,
          null
        ]
      },
      "/Users/akshayiyer/Desktop/MS CS Columbia/Sem 1 - Fall 2023/COMS 4152-Esaas/Project/BoxMate/app/models/common.rb": {
        "lines": [
          1,
          null
        ]
      }
    },
    "timestamp": 1700111591
  },
  "Cucumber Features": {
    "coverage": {
      "/Users/akshayiyer/Desktop/MS CS Columbia/Sem 1 - Fall 2023/COMS 4152-Esaas/Project/BoxMate/app/models/chefinfo.rb": {
        "lines": [
          1,
          1,
          null,
          1,
          20,
          4,
          4,
          null,
          null,
          null,
          null
        ]
      },
      "/Users/akshayiyer/Desktop/MS CS Columbia/Sem 1 - Fall 2023/COMS 4152-Esaas/Project/BoxMate/app/models/customerinfo.rb": {
        "lines": [
          1,
          null,
          1,
          null,
          1,
          15,
          15,
          15,
          15,
          15,
          15,
          15,
          26,
          null,
          26,
          26,
          26,
          26,
          26,
          null,
          null,
          15,
          null,
          null
        ]
      },
      "/Users/akshayiyer/Desktop/MS CS Columbia/Sem 1 - Fall 2023/COMS 4152-Esaas/Project/BoxMate/app/controllers/commons_controller.rb": {
        "lines": [
          null,
          null,
          1,
          null,
          1,
          21,
          null,
          null,
          1,
          null,
          13,
          13,
          13,
          9,
          2,
          2,
          null,
          7,
          6,
          6,
          null,
          1,
          1,
          null,
          null,
          null,
          4,
          3,
          3,
          null,
          1,
          1,
          null,
          null,
          null,
          null,
          1,
          1,
          null,
          null,
          1,
          1,
          null,
          null,
          null,
          1,
          null,
          1,
          1,
          1,
          1,
          1,
          1,
          1,
          null,
          0,
          0,
          null,
          null,
          null,
          null,
          1,
          null,
          1,
          1,
          1,
          1,
          1,
          1,
          1,
          null,
          0,
          0,
          null,
          null,
          null,
          1,
          1,
          1,
          1,
          null,
          null,
          null,
          null
        ]
      },
      "/Users/akshayiyer/Desktop/MS CS Columbia/Sem 1 - Fall 2023/COMS 4152-Esaas/Project/BoxMate/app/controllers/application_controller.rb": {
        "lines": [
          1,
          null,
          null,
          1,
          null
        ]
      },
      "/Users/akshayiyer/Desktop/MS CS Columbia/Sem 1 - Fall 2023/COMS 4152-Esaas/Project/BoxMate/app/helpers/application_helper.rb": {
        "lines": [
          1,
          null
        ]
      },
      "/Users/akshayiyer/Desktop/MS CS Columbia/Sem 1 - Fall 2023/COMS 4152-Esaas/Project/BoxMate/app/models/common.rb": {
        "lines": [
          1,
          null
        ]
      },
      "/Users/akshayiyer/Desktop/MS CS Columbia/Sem 1 - Fall 2023/COMS 4152-Esaas/Project/BoxMate/app/controllers/customerinfos_controller.rb": {
        "lines": [
          1,
          1,
          null,
          1,
          10,
          10,
          10,
          null,
          null,
          null,
          1,
          2,
          2,
          2,
          0,
          null,
          2,
          2,
          null,
          2,
          2,
          2,
          2,
          2,
          2,
          2,
          2,
          null,
          null,
          null,
          1,
          null,
          1,
          1,
          1,
          1,
          1,
          1,
          1,
          1,
          1,
          1,
          null,
          null,
          1,
          2,
          2,
          2,
          null,
          null,
          1,
          1,
          1,
          1,
          1,
          1,
          1,
          1,
          null,
          null,
          1,
          16,
          null,
          16,
          0,
          null,
          null,
          null,
          null
        ]
      },
      "/Users/akshayiyer/Desktop/MS CS Columbia/Sem 1 - Fall 2023/COMS 4152-Esaas/Project/BoxMate/app/models/customermeal.rb": {
        "lines": [
          1,
          null,
          1,
          1,
          null
        ]
      },
      "/Users/akshayiyer/Desktop/MS CS Columbia/Sem 1 - Fall 2023/COMS 4152-Esaas/Project/BoxMate/app/controllers/chefinfos_controller.rb": {
        "lines": [
          1,
          1,
          null,
          1,
          5,
          5,
          5,
          null,
          null,
          null,
          1,
          0,
          null,
          null,
          1,
          null,
          0,
          0,
          0,
          0,
          0,
          0,
          null,
          0,
          0,
          0,
          0,
          0,
          null,
          null,
          0,
          null,
          null,
          1,
          0,
          0,
          null,
          null,
          1,
          0,
          0,
          0,
          0,
          0,
          0,
          null,
          null,
          null,
          1,
          0,
          0,
          0,
          0,
          0,
          null,
          null,
          1,
          5,
          null,
          5,
          0,
          null,
          null,
          null
        ]
      },
      "/Users/akshayiyer/Desktop/MS CS Columbia/Sem 1 - Fall 2023/COMS 4152-Esaas/Project/BoxMate/app/models/chefmeal.rb": {
        "lines": [
          1,
          null,
          1,
          1,
          null,
          1,
          1,
          1,
          1,
          1,
          1,
          null,
          null,
          null,
          1,
          0,
          0,
          0,
          0,
          null,
          0,
          null,
          null,
          1,
          2,
          null,
          null,
          null
        ]
      }
    },
    "timestamp": 1700111227
  }
}
